<?xml version="1.0" encoding="UTF-8"?>
<testng-results skipped="0" failed="0" total="1" passed="1">
  <reporter-output>
  </reporter-output>
  <suite name="test suite" duration-ms="49901" started-at="2020-04-25T14:01:31Z" finished-at="2020-04-25T14:02:21Z">
    <groups>
      <group name="cucumber">
        <method signature="AbstractTestNGCucumberTests.runScenario(cucumber.api.testng.PickleEventWrapper, cucumber.api.testng.CucumberFeatureWrapper)[pri:0, instance:skeleton.runner@1593948d]" name="runScenario" class="cucumber.api.testng.AbstractTestNGCucumberTests"/>
      </group>
    </groups>
    <test name="test" duration-ms="49901" started-at="2020-04-25T14:01:31Z" finished-at="2020-04-25T14:02:21Z">
      <class name="skeleton.runner">
        <test-method status="PASS" signature="setUpClass()[pri:0, instance:skeleton.runner@1593948d]" name="setUpClass" is-config="true" duration-ms="623" started-at="2020-04-25T14:01:31Z" finished-at="2020-04-25T14:01:32Z">
        </test-method>
        <test-method status="PASS" signature="runScenario(cucumber.api.testng.PickleEventWrapper, cucumber.api.testng.CucumberFeatureWrapper)[pri:0, instance:skeleton.runner@1593948d]" name="runScenario" duration-ms="48146" started-at="2020-04-25T14:01:32Z" description="Runs Cucumber Scenarios" finished-at="2020-04-25T14:02:20Z">
          <params>
            <param index="0">
              <value>
                <![CDATA["Login with test data"]]>
              </value>
            </param>
            <param index="1">
              <value>
                <![CDATA["login test"]]>
              </value>
            </param>
          </params>
        </test-method>
        <test-method status="PASS" signature="tearDownClass()[pri:0, instance:skeleton.runner@1593948d]" name="tearDownClass" is-config="true" duration-ms="991" started-at="2020-04-25T14:02:20Z" finished-at="2020-04-25T14:02:21Z">
        </test-method>
      </class>
    </test>
  </suite>
</testng-results>
